52	天然橡胶瑜伽垫
60	防水跑步腰包
63	双面加长健身垫
82	瑜伽球（瑞士球）
106	弯檐棒球帽
146	泡沫轴
10005	哑铃 2kg*2
10006	哑铃 4kg*2
10016	Keep 男子速干T恤 黑色
10017	男子训练T恤 经典款灰色
10019	Keep 女子速干T恤 黑色
10026	手机壳 跑过自己
10035	双轴钢丝跳绳
10036	魔术头巾
10037	健身弹力带（TPE）
10038	女子基础紧身裤
10039	女子拼接紧身裤
10045	Keep 男子速干T恤 白色
10046	Keep 女子速干T恤 白色
10054	手机桌面支架
10055	液态硅胶手机壳 简约系列
10059	徽章 组合装
10060	硅胶手环 5只装
10061	防滑导汗发带
10065	Keep 基础印花T恤 男女通款
10071	手机壳 Body Builder
10072	手机壳 No Pain No Gain
10073	弹力绳套组
10074	高密度瑜伽砖
10080	男子跑步训练软壳外套
10081	女子跑步训练软壳外套
10084	便携旅行洗漱包
10085	跑步运动臂包
10086	专业运动水壶
10087	瑜伽垫收纳包
10088	魔术头巾 Motto系列
10091	Keep | 男子跑步训练短裤 践型者系列
10105	运动器械系列抱枕
10117	健腹轮
10118	俯卧撑支架
10120	标记水量马克杯
10121	便携日程本
10122	可撕便签本
10135	乳胶弹力带
10161	女子圆领宽松运动T恤（K180SS-011）
10162	女子连帽运动背心（K180SS-030）
10163	男子篮球背心（K181SS-024）
10164	男子拼接训练T恤（K181SS-002）
10165	女子瑜伽训练背心（K180SS-T007）
10166	女子高腰时尚运动阔腿裤（K180SS-T005）
10167	女子高腰时尚运动T恤（K180SS-002）
10168	男子长袖训练T恤
10169	女子训练长袖T恤
10170	小喇叭印花T恤 男女通款
10171	经典LOGO刺绣T恤 男女通款
10172	Keep 专属表情T恤 男女通款
10175	女子时尚显瘦运动短裤（K180SS-003）
10176	女子高腰时尚运动背心（K180SS-020）
10178	男子运动短裤（K181SS-009）
10179	男子时尚运动廓形T恤（K181SS-T004）
10180	低强度舒适无缝运动内衣（K180SS-026）
10181	女子高腰时尚运动喇叭裤（K180SS-T006）
10182	女子时尚运动棒球外套（K180SS-006）
10183	男子抽绳运动短裤（K181SS-T003）
10184	男子口袋设计短裤（K181SS-T005）
10185	防晒轻便跑步外套(K180SS-024)
10186	男子半拉链轻薄跑步外套(K181SS-008)
10188	男子时尚运动T恤(K181SS-027)
10189	男子迷彩立领运动外套（K181SS-003）
10190	男子可收纳轻薄外套（K181SS-026）
10191	男子运动长裤（K181SS-017）
10193	女子二合一拼接短裤（K180SS-047）
10195	女子运动连帽上衣（K180SS-025）
10196	女子背部开衩短袖T恤（K180SS-T003）
10197	女子训练背心（K180SS-T004）
10198	女子蜜桃臀紧身9分裤（K180SS-T002）
10200	女子弹性透气紧身裤（K180SS-044）
10201	女子瑜伽运动喇叭裤（K180SS-T008）
10203	男子弹力平角泳裤（K181SS-T008）
10204	女子连体泳衣（K180SS-T011）
10205	女子廓形金边短袖T恤（K180SS-004）
10206	女子宽腰带紧身裤（K180SS-T001）
10207	女子活力拼色紧身裤（K180SS-015）
10208	女子显瘦拼色紧身裤（K180SS-028）
10209	男子训练紧身裤（K181SS-T002）
10210	男子短袖训练紧身衣（K181SS-013）
10211	女子印花紧身裤（K180SS-010）
10212	女子中强度支撑运动内衣（K180SS-018）
10215	Keepup |  高强度运动款拉链内衣（K180SS-046）
10216	男子速干运动T恤（K181SS-001）
10217	女子运动短裤(K180SS-014)
10218	男子速干运动短裤（K181SS-T001）
10219	女子运动短袖T恤（K180SS-012）
10220	男子短袖运动T恤（K181SS-022）
10222	低强度时尚拉链运动内衣（K180SS-T009）
10227	迷你弹力带（弹力圈）
10228	瑜伽铺巾
10286	瑜伽伸展带
10287	有求必应胶带
10288	墙面手机支架（磁吸式）
10290	加宽加厚健身垫
10294	Keep 周边贴纸
10296	缠绕式护腕（专业级）
10308	运动护臂 一对装
10331	抽绳包升级版
10338	悬挂训练带
10339	平衡中线健身垫
10342	印花冷感运动巾
10343	帆布包  不要吃太胖
10344	帆布包  Keep More
10345	迷你瑜伽球（瑞士球）
10349	软胶钥匙圈
10350	毫无训练痕迹 印花T恤 男女通款
10351	Keep Addict 印花T恤 男女通款
10352	请勿喂食 印花T恤 男女通款
10353	金属钥匙扣
10354	Keep Moving 印花T恤 男女通款
10355	卡套行李牌
10356	瑜伽轮
10357	弹力带门扣
10360	运动护小腿 一对装
10372	休闲棒球帽·樱粉
10373	休闲棒球帽·羽白
10375	防水护耳泳帽
10376	运动护膝 一只装
10384	冷感运动巾
10405	阻力带
10426	防晒遮阳帽
10427	电镀防雾泳镜
10428	开放式护膝
10432	智能跑步机
10480	绒面瑜伽垫
10509	Keep x 北京马拉松 特许商品
